<?xml version="1.0" encoding="UTF-8"?>
<testsuite name="com.github.takahirom.roborazzi.RoborazziPreviewParameterizedTests" tests="14" skipped="0" failures="0" errors="0" timestamp="2025-06-14T15:47:13.572Z" hostname="pkrvmxyh4eaekms" time="45.46">
  <properties/>
  <testcase name="test[com.droidknights.app.feature.bookmark.BookmarkScreenKt_BookmarkScreenLightPreview]" classname="com.github.takahirom.roborazzi.RoborazziPreviewParameterizedTests" time="32.385"/>
  <testcase name="test[com.droidknights.app.feature.bookmark.BookmarkScreenKt_BookmarkScreenDarkPreview]" classname="com.github.takahirom.roborazzi.RoborazziPreviewParameterizedTests" time="4.757"/>
  <testcase name="test[com.droidknights.app.feature.bookmark.component.BookmarkCardKt_BookmarkCardLightPreview]" classname="com.github.takahirom.roborazzi.RoborazziPreviewParameterizedTests" time="1.115"/>
  <testcase name="test[com.droidknights.app.feature.bookmark.component.BookmarkCardKt_BookmarkCardDarkPreview]" classname="com.github.takahirom.roborazzi.RoborazziPreviewParameterizedTests" time="1.059"/>
  <testcase name="test[com.droidknights.app.feature.bookmark.component.BookmarkItemKt_BookmarkItemPreview]" classname="com.github.takahirom.roborazzi.RoborazziPreviewParameterizedTests" time="1.656"/>
  <testcase name="test[com.droidknights.app.feature.bookmark.component.BookmarkTimelineKt_BookmarkTimelineItemLightPreview]" classname="com.github.takahirom.roborazzi.RoborazziPreviewParameterizedTests" time="0.371"/>
  <testcase name="test[com.droidknights.app.feature.bookmark.component.BookmarkTimelineKt_BookmarkTimelineItemDarkPreview]" classname="com.github.takahirom.roborazzi.RoborazziPreviewParameterizedTests" time="0.278"/>
  <testcase name="test[com.droidknights.app.feature.bookmark.component.BookmarkTopAppBarKt_BookmarkTopAppBarLightPreview]" classname="com.github.takahirom.roborazzi.RoborazziPreviewParameterizedTests" time="0.618"/>
  <testcase name="test[com.droidknights.app.feature.bookmark.component.BookmarkTopAppBarKt_BookmarkTopAppBarDarkPreview]" classname="com.github.takahirom.roborazzi.RoborazziPreviewParameterizedTests" time="0.671"/>
  <testcase name="test[com.droidknights.app.feature.bookmark.component.BookmarkTopAppBarKt_BookmarkTopAppBarEditModeLightPreview]" classname="com.github.takahirom.roborazzi.RoborazziPreviewParameterizedTests" time="0.531"/>
  <testcase name="test[com.droidknights.app.feature.bookmark.component.BookmarkTopAppBarKt_BookmarkTopAppBarEditModeDarkPreview]" classname="com.github.takahirom.roborazzi.RoborazziPreviewParameterizedTests" time="0.534"/>
  <testcase name="test[com.droidknights.app.feature.bookmark.component.EditModeLeadingItemKt_CheckedEditModeLeadingItemPreview]" classname="com.github.takahirom.roborazzi.RoborazziPreviewParameterizedTests" time="0.538"/>
  <testcase name="test[com.droidknights.app.feature.bookmark.component.EditModeLeadingItemKt_UncheckedEditModeLeadingItemPreview]" classname="com.github.takahirom.roborazzi.RoborazziPreviewParameterizedTests" time="0.321"/>
  <testcase name="test[com.droidknights.app.feature.bookmark.component.RemoveBookmarkSnackBarKt_BookmarkStatePopupPreview]" classname="com.github.takahirom.roborazzi.RoborazziPreviewParameterizedTests" time="0.584"/>
  <system-out><![CDATA[Capturing preview: BookmarkScreenLightPreview
Roborazzi: BookmarkScreenLightPreview.png The differ result :ComparisonResult(pixelDifferences=2527200, pixelCount=2527200, width=1080, height=2340) changed:true
Capturing preview: BookmarkScreenDarkPreview
Roborazzi: BookmarkScreenDarkPreview.png The differ result :ComparisonResult(pixelDifferences=2527200, pixelCount=2527200, width=1080, height=2340) changed:true
Capturing preview: BookmarkCardLightPreview
Roborazzi: BookmarkCardLightPreview.png The differ result :ComparisonResult(pixelDifferences=299874, pixelCount=300240, width=1080, height=278) changed:true
Capturing preview: BookmarkCardDarkPreview
Roborazzi: BookmarkCardDarkPreview.png The differ result :ComparisonResult(pixelDifferences=299873, pixelCount=300240, width=1080, height=278) changed:true
Capturing preview: BookmarkItemPreview
Roborazzi: BookmarkItemPreview.png The differ result :ComparisonResult(pixelDifferences=695520, pixelCount=695520, width=1080, height=644) changed:true
Capturing preview: BookmarkTimelineItemLightPreview
Roborazzi: BookmarkTimelineItemLightPreview.png The differ result :ComparisonResult(pixelDifferences=21301, pixelCount=21301, width=119, height=179) changed:true
Capturing preview: BookmarkTimelineItemDarkPreview
Roborazzi: BookmarkTimelineItemDarkPreview.png The differ result :ComparisonResult(pixelDifferences=21301, pixelCount=21301, width=119, height=179) changed:true
Capturing preview: BookmarkTopAppBarLightPreview
Roborazzi: BookmarkTopAppBarLightPreview.png The differ result :ComparisonResult(pixelDifferences=142560, pixelCount=142560, width=1080, height=132) changed:true
Capturing preview: BookmarkTopAppBarDarkPreview
Roborazzi: BookmarkTopAppBarDarkPreview.png The differ result :ComparisonResult(pixelDifferences=142560, pixelCount=142560, width=1080, height=132) changed:true
Capturing preview: BookmarkTopAppBarEditModeLightPreview
Roborazzi: BookmarkTopAppBarEditModeLightPreview.png The differ result :ComparisonResult(pixelDifferences=142560, pixelCount=142560, width=1080, height=132) changed:true
Capturing preview: BookmarkTopAppBarEditModeDarkPreview
Roborazzi: BookmarkTopAppBarEditModeDarkPreview.png The differ result :ComparisonResult(pixelDifferences=142560, pixelCount=142560, width=1080, height=132) changed:true
Capturing preview: CheckedEditModeLeadingItemPreview
Roborazzi: CheckedEditModeLeadingItemPreview.png The differ result :ComparisonResult(pixelDifferences=3512, pixelCount=10956, width=166, height=66) changed:true
Capturing preview: UncheckedEditModeLeadingItemPreview
Roborazzi: UncheckedEditModeLeadingItemPreview.png The differ result :ComparisonResult(pixelDifferences=753, pixelCount=10956, width=166, height=66) changed:true
Capturing preview: BookmarkStatePopupPreview
Roborazzi: BookmarkStatePopupPreview.png The differ result :ComparisonResult(pixelDifferences=148972, pixelCount=149040, width=1080, height=138) changed:true
]]></system-out>
  <system-err><![CDATA[]]></system-err>
</testsuite>
